<?xml version="1.0" encoding="UTF-8"?>
<!-- Generated by org.testng.reporters.JUnitReportReporter -->
<testsuite hostname="DESKTOP-E4U0CCS" failures="0" tests="1" name="Cucumber.TestNGTestRunner" time="13.918" errors="0" timestamp="2024-10-19T20:16:30 IST" skipped="0">
  <testcase classname="Cucumber.TestNGTestRunner" name="runScenario" time="13.918"/>
  <system-out/>
</testsuite> <!-- Cucumber.TestNGTestRunner -->
