<?xml version="1.0" encoding="UTF-8"?>
<!-- Generated by org.testng.reporters.JUnitReportReporter -->
<testsuite hostname="DESKTOP-E4U0CCS" failures="0" tests="2" name="SeleniumFramework.tests.ErrorValidation" time="18.363" errors="0" timestamp="2024-10-19T20:25:59 IST" skipped="0">
  <testcase classname="SeleniumFramework.tests.ErrorValidation" name="checkDesiredProduct" time="9.244"/>
  <system-out/>
  <testcase classname="SeleniumFramework.tests.ErrorValidation" name="checkLoginCreds" time="9.119"/>
  <system-out/>
</testsuite> <!-- SeleniumFramework.tests.ErrorValidation -->
