<?xml version="1.0" encoding="UTF-8"?>
<!-- Generated by org.testng.reporters.JUnitReportReporter -->
<testsuite hostname="DESKTOP-E4U0CCS" failures="0" tests="3" name="SeleniumFramework.tests.StandAloneTest_4" time="31.981" errors="0" timestamp="2024-10-19T20:25:59 IST" skipped="0">
  <testcase classname="SeleniumFramework.tests.StandAloneTest_4" name="orderHistoryCheck" time="6.470"/>
  <system-out/>
  <testcase classname="SeleniumFramework.tests.StandAloneTest_4" name="submitOrder" time="11.177"/>
  <system-out/>
  <testcase classname="SeleniumFramework.tests.StandAloneTest_4" name="submitOrder" time="14.334"/>
  <system-out/>
</testsuite> <!-- SeleniumFramework.tests.StandAloneTest_4 -->
