<?xml version="1.0" encoding="UTF-8"?>
<!-- Generated by org.testng.reporters.JUnitReportReporter -->
<testsuite hostname="DESKTOP-E4U0CCS" failures="0" tests="3" name="SeleniumFramework.tests.StandAloneTest_4" time="29.659" errors="0" timestamp="2024-10-19T21:04:58 IST" skipped="0">
  <testcase classname="SeleniumFramework.tests.StandAloneTest_4" name="submitOrder" time="14.700"/>
  <testcase classname="SeleniumFramework.tests.StandAloneTest_4" name="submitOrder" time="9.558"/>
  <testcase classname="SeleniumFramework.tests.StandAloneTest_4" name="orderHistoryCheck" time="5.401"/>
</testsuite> <!-- SeleniumFramework.tests.StandAloneTest_4 -->
