<?xml version="1.0" encoding="UTF-8"?>
<!-- Generated by org.testng.reporters.JUnitReportReporter -->
<testsuite hostname="DESKTOP-E4U0CCS" failures="0" tests="2" name="SeleniumFramework.tests.ErrorValidation" time="18.855" errors="0" timestamp="2024-10-19T21:04:58 IST" skipped="0">
  <testcase classname="SeleniumFramework.tests.ErrorValidation" name="checkLoginCreds" time="9.292"/>
  <testcase classname="SeleniumFramework.tests.ErrorValidation" name="checkDesiredProduct" time="9.563"/>
</testsuite> <!-- SeleniumFramework.tests.ErrorValidation -->
